2023-07-04 00:43:44,690 [main] [ERROR] org.springframework.boot.SpringApplication: Application run failed
java.lang.IllegalStateException: java.lang.IllegalStateException: Logback configuration error detected: 
ERROR in ch.qos.logback.core.joran.util.PropertySetter@4233e892 - A "ch.qos.logback.classic.PatternLayout" object is not assignable to a "ch.qos.logback.core.encoder.Encoder" variable.
ERROR in ch.qos.logback.core.joran.util.PropertySetter@4233e892 - The class "ch.qos.logback.core.encoder.Encoder" was loaded by 
ERROR in ch.qos.logback.core.joran.util.PropertySetter@4233e892 - [jdk.internal.loader.ClassLoaders$AppClassLoader@4e0e2f2a] whereas object of type 
ERROR in ch.qos.logback.core.joran.util.PropertySetter@4233e892 - "ch.qos.logback.classic.PatternLayout" was loaded by [jdk.internal.loader.ClassLoaders$AppClassLoader@4e0e2f2a].
ERROR in ch.qos.logback.core.ConsoleAppender[ConsoleLog] - No encoder set for the appender named "ConsoleLog".
	at org.springframework.boot.context.logging.LoggingApplicationListener.initializeSystem(LoggingApplicationListener.java:347)
	at org.springframework.boot.context.logging.LoggingApplicationListener.initialize(LoggingApplicationListener.java:298)
	at org.springframework.boot.context.logging.LoggingApplicationListener.onApplicationEnvironmentPreparedEvent(LoggingApplicationListener.java:246)
	at org.springframework.boot.context.logging.LoggingApplicationListener.onApplicationEvent(LoggingApplicationListener.java:223)
	at org.springframework.context.event.SimpleApplicationEventMulticaster.doInvokeListener(SimpleApplicationEventMulticaster.java:172)
	at org.springframework.context.event.SimpleApplicationEventMulticaster.invokeListener(SimpleApplicationEventMulticaster.java:165)
	at org.springframework.context.event.SimpleApplicationEventMulticaster.multicastEvent(SimpleApplicationEventMulticaster.java:143)
	at org.springframework.context.event.SimpleApplicationEventMulticaster.multicastEvent(SimpleApplicationEventMulticaster.java:131)
	at org.springframework.boot.context.event.EventPublishingRunListener.multicastInitialEvent(EventPublishingRunListener.java:136)
	at org.springframework.boot.context.event.EventPublishingRunListener.environmentPrepared(EventPublishingRunListener.java:81)
	at org.springframework.boot.SpringApplicationRunListeners.lambda$environmentPrepared$2(SpringApplicationRunListeners.java:64)
	at java.base/java.lang.Iterable.forEach(Iterable.java:75)
	at org.springframework.boot.SpringApplicationRunListeners.doWithListeners(SpringApplicationRunListeners.java:118)
	at org.springframework.boot.SpringApplicationRunListeners.doWithListeners(SpringApplicationRunListeners.java:112)
	at org.springframework.boot.SpringApplicationRunListeners.environmentPrepared(SpringApplicationRunListeners.java:63)
	at org.springframework.boot.SpringApplication.prepareEnvironment(SpringApplication.java:356)
	at org.springframework.boot.SpringApplication.run(SpringApplication.java:307)
	at org.springframework.boot.SpringApplication.run(SpringApplication.java:1306)
	at org.springframework.boot.SpringApplication.run(SpringApplication.java:1295)
	at com.example.demo.DemoApplication.main(DemoApplication.java:10)
Caused by: java.lang.IllegalStateException: Logback configuration error detected: 
ERROR in ch.qos.logback.core.joran.util.PropertySetter@4233e892 - A "ch.qos.logback.classic.PatternLayout" object is not assignable to a "ch.qos.logback.core.encoder.Encoder" variable.
ERROR in ch.qos.logback.core.joran.util.PropertySetter@4233e892 - The class "ch.qos.logback.core.encoder.Encoder" was loaded by 
ERROR in ch.qos.logback.core.joran.util.PropertySetter@4233e892 - [jdk.internal.loader.ClassLoaders$AppClassLoader@4e0e2f2a] whereas object of type 
ERROR in ch.qos.logback.core.joran.util.PropertySetter@4233e892 - "ch.qos.logback.classic.PatternLayout" was loaded by [jdk.internal.loader.ClassLoaders$AppClassLoader@4e0e2f2a].
ERROR in ch.qos.logback.core.ConsoleAppender[ConsoleLog] - No encoder set for the appender named "ConsoleLog".
	at org.springframework.boot.logging.logback.LogbackLoggingSystem.reportConfigurationErrorsIfNecessary(LogbackLoggingSystem.java:260)
	at org.springframework.boot.logging.logback.LogbackLoggingSystem.loadConfiguration(LogbackLoggingSystem.java:247)
	at org.springframework.boot.logging.AbstractLoggingSystem.initializeWithConventions(AbstractLoggingSystem.java:80)
	at org.springframework.boot.logging.AbstractLoggingSystem.initialize(AbstractLoggingSystem.java:60)
	at org.springframework.boot.logging.logback.LogbackLoggingSystem.initialize(LogbackLoggingSystem.java:187)
	at org.springframework.boot.context.logging.LoggingApplicationListener.initializeSystem(LoggingApplicationListener.java:332)
	... 19 common frames omitted
2023-07-04 00:44:16,599 [main] [ERROR] org.springframework.boot.SpringApplication: Application run failed
java.lang.IllegalStateException: java.lang.IllegalStateException: Logback configuration error detected: 
ERROR in ch.qos.logback.core.joran.util.PropertySetter@4233e892 - A "ch.qos.logback.classic.PatternLayout" object is not assignable to a "ch.qos.logback.core.encoder.Encoder" variable.
ERROR in ch.qos.logback.core.joran.util.PropertySetter@4233e892 - The class "ch.qos.logback.core.encoder.Encoder" was loaded by 
ERROR in ch.qos.logback.core.joran.util.PropertySetter@4233e892 - [jdk.internal.loader.ClassLoaders$AppClassLoader@4e0e2f2a] whereas object of type 
ERROR in ch.qos.logback.core.joran.util.PropertySetter@4233e892 - "ch.qos.logback.classic.PatternLayout" was loaded by [jdk.internal.loader.ClassLoaders$AppClassLoader@4e0e2f2a].
ERROR in ch.qos.logback.core.ConsoleAppender[ConsoleLog] - No encoder set for the appender named "ConsoleLog".
	at org.springframework.boot.context.logging.LoggingApplicationListener.initializeSystem(LoggingApplicationListener.java:347)
	at org.springframework.boot.context.logging.LoggingApplicationListener.initialize(LoggingApplicationListener.java:298)
	at org.springframework.boot.context.logging.LoggingApplicationListener.onApplicationEnvironmentPreparedEvent(LoggingApplicationListener.java:246)
	at org.springframework.boot.context.logging.LoggingApplicationListener.onApplicationEvent(LoggingApplicationListener.java:223)
	at org.springframework.context.event.SimpleApplicationEventMulticaster.doInvokeListener(SimpleApplicationEventMulticaster.java:172)
	at org.springframework.context.event.SimpleApplicationEventMulticaster.invokeListener(SimpleApplicationEventMulticaster.java:165)
	at org.springframework.context.event.SimpleApplicationEventMulticaster.multicastEvent(SimpleApplicationEventMulticaster.java:143)
	at org.springframework.context.event.SimpleApplicationEventMulticaster.multicastEvent(SimpleApplicationEventMulticaster.java:131)
	at org.springframework.boot.context.event.EventPublishingRunListener.multicastInitialEvent(EventPublishingRunListener.java:136)
	at org.springframework.boot.context.event.EventPublishingRunListener.environmentPrepared(EventPublishingRunListener.java:81)
	at org.springframework.boot.SpringApplicationRunListeners.lambda$environmentPrepared$2(SpringApplicationRunListeners.java:64)
	at java.base/java.lang.Iterable.forEach(Iterable.java:75)
	at org.springframework.boot.SpringApplicationRunListeners.doWithListeners(SpringApplicationRunListeners.java:118)
	at org.springframework.boot.SpringApplicationRunListeners.doWithListeners(SpringApplicationRunListeners.java:112)
	at org.springframework.boot.SpringApplicationRunListeners.environmentPrepared(SpringApplicationRunListeners.java:63)
	at org.springframework.boot.SpringApplication.prepareEnvironment(SpringApplication.java:356)
	at org.springframework.boot.SpringApplication.run(SpringApplication.java:307)
	at org.springframework.boot.SpringApplication.run(SpringApplication.java:1306)
	at org.springframework.boot.SpringApplication.run(SpringApplication.java:1295)
	at com.example.demo.DemoApplication.main(DemoApplication.java:10)
Caused by: java.lang.IllegalStateException: Logback configuration error detected: 
ERROR in ch.qos.logback.core.joran.util.PropertySetter@4233e892 - A "ch.qos.logback.classic.PatternLayout" object is not assignable to a "ch.qos.logback.core.encoder.Encoder" variable.
ERROR in ch.qos.logback.core.joran.util.PropertySetter@4233e892 - The class "ch.qos.logback.core.encoder.Encoder" was loaded by 
ERROR in ch.qos.logback.core.joran.util.PropertySetter@4233e892 - [jdk.internal.loader.ClassLoaders$AppClassLoader@4e0e2f2a] whereas object of type 
ERROR in ch.qos.logback.core.joran.util.PropertySetter@4233e892 - "ch.qos.logback.classic.PatternLayout" was loaded by [jdk.internal.loader.ClassLoaders$AppClassLoader@4e0e2f2a].
ERROR in ch.qos.logback.core.ConsoleAppender[ConsoleLog] - No encoder set for the appender named "ConsoleLog".
	at org.springframework.boot.logging.logback.LogbackLoggingSystem.reportConfigurationErrorsIfNecessary(LogbackLoggingSystem.java:260)
	at org.springframework.boot.logging.logback.LogbackLoggingSystem.loadConfiguration(LogbackLoggingSystem.java:247)
	at org.springframework.boot.logging.AbstractLoggingSystem.initializeWithConventions(AbstractLoggingSystem.java:80)
	at org.springframework.boot.logging.AbstractLoggingSystem.initialize(AbstractLoggingSystem.java:60)
	at org.springframework.boot.logging.logback.LogbackLoggingSystem.initialize(LogbackLoggingSystem.java:187)
	at org.springframework.boot.context.logging.LoggingApplicationListener.initializeSystem(LoggingApplicationListener.java:332)
	... 19 common frames omitted
2023-07-04 00:47:46,441 [background-preinit] [INFO ] org.hibernate.validator.internal.util.Version: HV000001: Hibernate Validator 8.0.0.Final
2023-07-04 00:47:46,462 [main] [INFO ] com.example.demo.DemoApplication: Starting DemoApplication using Java 20.0.1 with PID 9684 (/home/Rebs/IdeaProjects/demodemo/target/classes started by Rebs in /home/Rebs/IdeaProjects/demodemo)
2023-07-04 00:47:46,462 [main] [DEBUG] com.example.demo.DemoApplication: Running with Spring Boot v3.1.1, Spring v6.0.10
2023-07-04 00:47:46,463 [main] [INFO ] com.example.demo.DemoApplication: No active profile set, falling back to 1 default profile: "default"
2023-07-04 00:47:46,920 [main] [INFO ] org.springframework.boot.web.embedded.tomcat.TomcatWebServer: Tomcat initialized with port(s): 8080 (http)
2023-07-04 00:47:46,926 [main] [INFO ] org.apache.coyote.http11.Http11NioProtocol: Initializing ProtocolHandler ["http-nio-8080"]
2023-07-04 00:47:46,927 [main] [INFO ] org.apache.catalina.core.StandardService: Starting service [Tomcat]
2023-07-04 00:47:46,927 [main] [INFO ] org.apache.catalina.core.StandardEngine: Starting Servlet engine: [Apache Tomcat/10.1.10]
2023-07-04 00:47:46,977 [main] [INFO ] org.apache.catalina.core.ContainerBase.[Tomcat].[localhost].[/]: Initializing Spring embedded WebApplicationContext
2023-07-04 00:47:46,977 [main] [INFO ] org.springframework.boot.web.servlet.context.ServletWebServerApplicationContext: Root WebApplicationContext: initialization completed in 488 ms
2023-07-04 00:47:47,027 [main] [INFO ] com.zaxxer.hikari.HikariDataSource: HikariPool-1 - Starting...
2023-07-04 00:47:47,074 [main] [INFO ] com.zaxxer.hikari.pool.HikariPool: HikariPool-1 - Added connection org.postgresql.jdbc.PgConnection@558b4942
2023-07-04 00:47:47,075 [main] [INFO ] com.zaxxer.hikari.HikariDataSource: HikariPool-1 - Start completed.
2023-07-04 00:47:47,320 [main] [INFO ] org.apache.coyote.http11.Http11NioProtocol: Starting ProtocolHandler ["http-nio-8080"]
2023-07-04 00:47:47,327 [main] [INFO ] org.springframework.boot.web.embedded.tomcat.TomcatWebServer: Tomcat started on port(s): 8080 (http) with context path ''
2023-07-04 00:47:47,332 [main] [INFO ] com.example.demo.DemoApplication: Started DemoApplication in 1.148 seconds (process running for 1.405)
2023-07-04 00:48:20,712 [SpringApplicationShutdownHook] [INFO ] com.zaxxer.hikari.HikariDataSource: HikariPool-1 - Shutdown initiated...
2023-07-04 00:48:20,714 [SpringApplicationShutdownHook] [INFO ] com.zaxxer.hikari.HikariDataSource: HikariPool-1 - Shutdown completed.
2023-07-04 00:48:51,374 [background-preinit] [INFO ] org.hibernate.validator.internal.util.Version: HV000001: Hibernate Validator 8.0.0.Final
2023-07-04 00:48:51,387 [main] [INFO ] com.example.demo.DemoApplication: Starting DemoApplication using Java 20.0.1 with PID 9821 (/home/Rebs/IdeaProjects/demodemo/target/classes started by Rebs in /home/Rebs/IdeaProjects/demodemo)
2023-07-04 00:48:51,388 [main] [DEBUG] com.example.demo.DemoApplication: Running with Spring Boot v3.1.1, Spring v6.0.10
2023-07-04 00:48:51,388 [main] [INFO ] com.example.demo.DemoApplication: No active profile set, falling back to 1 default profile: "default"
2023-07-04 00:48:51,830 [main] [INFO ] org.springframework.boot.web.embedded.tomcat.TomcatWebServer: Tomcat initialized with port(s): 8080 (http)
2023-07-04 00:48:51,834 [main] [INFO ] org.apache.coyote.http11.Http11NioProtocol: Initializing ProtocolHandler ["http-nio-8080"]
2023-07-04 00:48:51,835 [main] [INFO ] org.apache.catalina.core.StandardService: Starting service [Tomcat]
2023-07-04 00:48:51,835 [main] [INFO ] org.apache.catalina.core.StandardEngine: Starting Servlet engine: [Apache Tomcat/10.1.10]
2023-07-04 00:48:51,872 [main] [INFO ] org.apache.catalina.core.ContainerBase.[Tomcat].[localhost].[/]: Initializing Spring embedded WebApplicationContext
2023-07-04 00:48:51,872 [main] [INFO ] org.springframework.boot.web.servlet.context.ServletWebServerApplicationContext: Root WebApplicationContext: initialization completed in 461 ms
2023-07-04 00:48:51,921 [main] [INFO ] com.zaxxer.hikari.HikariDataSource: HikariPool-1 - Starting...
2023-07-04 00:48:51,967 [main] [INFO ] com.zaxxer.hikari.pool.HikariPool: HikariPool-1 - Added connection org.postgresql.jdbc.PgConnection@14924f41
2023-07-04 00:48:51,967 [main] [INFO ] com.zaxxer.hikari.HikariDataSource: HikariPool-1 - Start completed.
2023-07-04 00:48:52,201 [main] [INFO ] org.apache.coyote.http11.Http11NioProtocol: Starting ProtocolHandler ["http-nio-8080"]
2023-07-04 00:48:52,207 [main] [INFO ] org.springframework.boot.web.embedded.tomcat.TomcatWebServer: Tomcat started on port(s): 8080 (http) with context path ''
2023-07-04 00:48:52,212 [main] [INFO ] com.example.demo.DemoApplication: Started DemoApplication in 1.064 seconds (process running for 1.306)
2023-07-04 00:48:54,951 [http-nio-8080-exec-1] [INFO ] org.apache.catalina.core.ContainerBase.[Tomcat].[localhost].[/]: Initializing Spring DispatcherServlet 'dispatcherServlet'
2023-07-04 00:48:54,951 [http-nio-8080-exec-1] [INFO ] org.springframework.web.servlet.DispatcherServlet: Initializing Servlet 'dispatcherServlet'
2023-07-04 00:48:54,952 [http-nio-8080-exec-1] [INFO ] org.springframework.web.servlet.DispatcherServlet: Completed initialization in 1 ms
2023-07-04 00:48:54,962 [http-nio-8080-exec-1] [TRACE] com.example.demo.util.LogController: A TRACE Message
2023-07-04 00:48:54,963 [http-nio-8080-exec-1] [DEBUG] com.example.demo.util.LogController: A DEBUG Message
2023-07-04 00:48:54,963 [http-nio-8080-exec-1] [INFO ] com.example.demo.util.LogController: A INFO Message
2023-07-04 00:48:54,963 [http-nio-8080-exec-1] [WARN ] com.example.demo.util.LogController: A WARN Message
2023-07-04 00:48:54,963 [http-nio-8080-exec-1] [ERROR] com.example.demo.util.LogController: An ERROR Message
2023-07-04 00:49:58,106 [SpringApplicationShutdownHook] [INFO ] com.zaxxer.hikari.HikariDataSource: HikariPool-1 - Shutdown initiated...
2023-07-04 00:49:58,109 [SpringApplicationShutdownHook] [INFO ] com.zaxxer.hikari.HikariDataSource: HikariPool-1 - Shutdown completed.
